<?xml version="1.0" encoding="UTF-8"?>
<!-- Generated by org.testng.reporters.JUnitReportReporter -->
<testsuite hostname="LAPTOP-VHM557M7" failures="0" tests="2" name="cucumberOptions.TestNGTestRunner" time="0.061" errors="0" timestamp="2021-12-03T10:11:46 IST" skipped="0">
  <testcase classname="cucumberOptions.TestNGTestRunner" name="runScenario" time="0.046"/>
  <system-out/>
  <testcase classname="cucumberOptions.TestNGTestRunner" name="runScenario" time="0.015"/>
  <system-out/>
</testsuite> <!-- cucumberOptions.TestNGTestRunner -->
