<?xml version="1.0" encoding="UTF-8"?>
<!-- Generated by org.testng.reporters.JUnitReportReporter -->
<testsuite hostname="LAPTOP-VHM557M7" failures="0" tests="1" name="Framework.Cucumber.AppTest" time="0.000" errors="0" timestamp="2021-12-03T11:05:55 IST" skipped="0">
  <testcase classname="Framework.Cucumber.AppTest" name="shouldAnswerWithTrue" time="0.000"/>
  <system-out/>
</testsuite> <!-- Framework.Cucumber.AppTest -->
